Arguments: 
  /usr/local/bin/node /usr/local/Cellar/yarn/1.3.2/libexec/bin/yarn.js install

PATH: 
  /Library/Frameworks/Python.framework/Versions/3.6/bin:/Users/alexpopovici/.rvm/gems/ruby-2.4.2/bin:/Users/alexpopovici/.rvm/gems/ruby-2.4.2@global/bin:/Users/alexpopovici/.rvm/rubies/ruby-2.4.2/bin:/usr/local/bin:/usr/bin:/bin:/usr/sbin:/sbin:/Library/Frameworks/Python.framework/Versions/3.6/bin:/Users/alexpopovici/.rvm/gems/ruby-2.4.2/bin:/Users/alexpopovici/.rvm/gems/ruby-2.4.2@global/bin:/Users/alexpopovici/.rvm/rubies/ruby-2.4.2/bin:/Users/alexpopovici/.rvm/bin:/Users/alexpopovici/.rvm/bin

Yarn version: 
  1.3.2

Node version: 
  8.9.4

Platform: 
  darwin x64

npm manifest: 
  {
    "name": "Homework1",
    "version": "1.0.0",
    "main": "index.js",
    "license": "MIT",
    "dependencies": {
      "bootstrap": "^4.1.0",
      "jquery": "^3.3.1",
      "node-sass": "^4.8.3",
      "popper.js": "^1.14.3",
      "sass-loader": "^7.0.1",
      "vue": "^2.5.16",
      "webpack": "^4.6.0",
      "webpack-cli": "^2.0.15",
      "css-loader": "^0.28.11",
      "style-loader": "^0.20.3"
    },
    "scripts": {
      "dev": "webpack --mode development",
      "build": "webpack --mode production"
    }
  }

yarn manifest: 
  No manifest

Lockfile: 
  No lockfile

Trace: 
  Error: https://registry.yarnpkg.com/rxjs/-/rxjs-5.5.10.tgz: ESOCKETTIMEDOUT
      at ClientRequest.<anonymous> (/usr/local/Cellar/yarn/1.3.2/libexec/lib/cli.js:123716:19)
      at Object.onceWrapper (events.js:313:30)
      at emitNone (events.js:106:13)
      at ClientRequest.emit (events.js:208:7)
      at TLSSocket.emitTimeout (_http_client.js:708:34)
      at Object.onceWrapper (events.js:313:30)
      at emitNone (events.js:106:13)
      at TLSSocket.emit (events.js:208:7)
      at TLSSocket.Socket._onTimeout (net.js:407:8)
      at ontimeout (timers.js:475:11)
